<?xml version="1.0" encoding="UTF-8"?>
<!-- Generated by org.testng.reporters.JUnitReportReporter -->
<testsuite skipped="0" hostname="ISCHLAPHP19268" name="com.Test_Api.Api_Test" tests="2" failures="0" timestamp="30 Jul 2019 09:53:04 GMT" time="11.998" errors="0">
  <testcase name="getDetails_APi_Test2" time="7.848" classname="com.Test_Api.Api_Test"/>
  <testcase name="getDetails_Api_Test" time="4.150" classname="com.Test_Api.Api_Test"/>
</testsuite> <!-- com.Test_Api.Api_Test -->
